<?xml version="1.0" encoding="UTF-8"?>
<testsuite xmlns:xsi="http://www.w3.org/2001/XMLSchema-instance" xsi:noNamespaceSchemaLocation="https://maven.apache.org/surefire/maven-surefire-plugin/xsd/surefire-test-report.xsd" name="com.xmh.service.IStudentServiceTest" time="6.157" tests="8" errors="6" skipped="0" failures="0">
  <properties>
    <property name="sun.desktop" value="windows"/>
    <property name="awt.toolkit" value="sun.awt.windows.WToolkit"/>
    <property name="file.encoding.pkg" value="sun.io"/>
    <property name="java.specification.version" value="1.8"/>
    <property name="sun.cpu.isalist" value="amd64"/>
    <property name="sun.jnu.encoding" value="GBK"/>
    <property name="java.class.path" value="D:\Code Files\Vue File\Temu_Project\AFS_SpringBoot_Product\target\test-classes;D:\Code Files\Vue File\Temu_Project\AFS_SpringBoot_Product\target\classes;D:\tools\apache-maven-3.6.3\repository\org\springframework\boot\spring-boot-starter-web\2.7.6\spring-boot-starter-web-2.7.6.jar;D:\tools\apache-maven-3.6.3\repository\org\springframework\boot\spring-boot-starter\2.7.6\spring-boot-starter-2.7.6.jar;D:\tools\apache-maven-3.6.3\repository\org\springframework\boot\spring-boot-starter-logging\2.7.6\spring-boot-starter-logging-2.7.6.jar;D:\tools\apache-maven-3.6.3\repository\ch\qos\logback\logback-classic\1.2.11\logback-classic-1.2.11.jar;D:\tools\apache-maven-3.6.3\repository\ch\qos\logback\logback-core\1.2.11\logback-core-1.2.11.jar;D:\tools\apache-maven-3.6.3\repository\org\apache\logging\log4j\log4j-to-slf4j\2.17.2\log4j-to-slf4j-2.17.2.jar;D:\tools\apache-maven-3.6.3\repository\org\apache\logging\log4j\log4j-api\2.17.2\log4j-api-2.17.2.jar;D:\tools\apache-maven-3.6.3\repository\org\slf4j\jul-to-slf4j\1.7.36\jul-to-slf4j-1.7.36.jar;D:\tools\apache-maven-3.6.3\repository\jakarta\annotation\jakarta.annotation-api\1.3.5\jakarta.annotation-api-1.3.5.jar;D:\tools\apache-maven-3.6.3\repository\org\yaml\snakeyaml\1.30\snakeyaml-1.30.jar;D:\tools\apache-maven-3.6.3\repository\org\springframework\boot\spring-boot-starter-json\2.7.6\spring-boot-starter-json-2.7.6.jar;D:\tools\apache-maven-3.6.3\repository\com\fasterxml\jackson\datatype\jackson-datatype-jdk8\2.13.4\jackson-datatype-jdk8-2.13.4.jar;D:\tools\apache-maven-3.6.3\repository\com\fasterxml\jackson\datatype\jackson-datatype-jsr310\2.13.4\jackson-datatype-jsr310-2.13.4.jar;D:\tools\apache-maven-3.6.3\repository\com\fasterxml\jackson\module\jackson-module-parameter-names\2.13.4\jackson-module-parameter-names-2.13.4.jar;D:\tools\apache-maven-3.6.3\repository\org\springframework\boot\spring-boot-starter-tomcat\2.7.6\spring-boot-starter-tomcat-2.7.6.jar;D:\tools\apache-maven-3.6.3\repository\org\apache\tomcat\embed\tomcat-embed-core\9.0.69\tomcat-embed-core-9.0.69.jar;D:\tools\apache-maven-3.6.3\repository\org\apache\tomcat\embed\tomcat-embed-el\9.0.69\tomcat-embed-el-9.0.69.jar;D:\tools\apache-maven-3.6.3\repository\org\apache\tomcat\embed\tomcat-embed-websocket\9.0.69\tomcat-embed-websocket-9.0.69.jar;D:\tools\apache-maven-3.6.3\repository\org\springframework\spring-web\5.3.24\spring-web-5.3.24.jar;D:\tools\apache-maven-3.6.3\repository\org\springframework\spring-beans\5.3.24\spring-beans-5.3.24.jar;D:\tools\apache-maven-3.6.3\repository\org\springframework\spring-webmvc\5.3.24\spring-webmvc-5.3.24.jar;D:\tools\apache-maven-3.6.3\repository\org\springframework\spring-aop\5.3.24\spring-aop-5.3.24.jar;D:\tools\apache-maven-3.6.3\repository\org\springframework\spring-context\5.3.24\spring-context-5.3.24.jar;D:\tools\apache-maven-3.6.3\repository\org\springframework\spring-expression\5.3.24\spring-expression-5.3.24.jar;D:\tools\apache-maven-3.6.3\repository\com\mysql\mysql-connector-j\8.0.31\mysql-connector-j-8.0.31.jar;D:\tools\apache-maven-3.6.3\repository\com\baomidou\mybatis-plus-boot-starter\3.3.2\mybatis-plus-boot-starter-3.3.2.jar;D:\tools\apache-maven-3.6.3\repository\com\baomidou\mybatis-plus\3.3.2\mybatis-plus-3.3.2.jar;D:\tools\apache-maven-3.6.3\repository\org\springframework\boot\spring-boot-autoconfigure\2.7.6\spring-boot-autoconfigure-2.7.6.jar;D:\tools\apache-maven-3.6.3\repository\org\springframework\boot\spring-boot-starter-jdbc\2.7.6\spring-boot-starter-jdbc-2.7.6.jar;D:\tools\apache-maven-3.6.3\repository\com\zaxxer\HikariCP\4.0.3\HikariCP-4.0.3.jar;D:\tools\apache-maven-3.6.3\repository\org\springframework\spring-jdbc\5.3.24\spring-jdbc-5.3.24.jar;D:\tools\apache-maven-3.6.3\repository\org\springframework\spring-tx\5.3.24\spring-tx-5.3.24.jar;D:\tools\apache-maven-3.6.3\repository\com\baomidou\mybatis-plus-generator\3.3.2\mybatis-plus-generator-3.3.2.jar;D:\tools\apache-maven-3.6.3\repository\com\baomidou\mybatis-plus-extension\3.3.2\mybatis-plus-extension-3.3.2.jar;D:\tools\apache-maven-3.6.3\repository\com\baomidou\mybatis-plus-core\3.3.2\mybatis-plus-core-3.3.2.jar;D:\tools\apache-maven-3.6.3\repository\com\baomidou\mybatis-plus-annotation\3.3.2\mybatis-plus-annotation-3.3.2.jar;D:\tools\apache-maven-3.6.3\repository\com\github\jsqlparser\jsqlparser\3.1\jsqlparser-3.1.jar;D:\tools\apache-maven-3.6.3\repository\org\mybatis\mybatis\3.5.4\mybatis-3.5.4.jar;D:\tools\apache-maven-3.6.3\repository\org\mybatis\mybatis-spring\2.0.4\mybatis-spring-2.0.4.jar;D:\tools\apache-maven-3.6.3\repository\org\freemarker\freemarker\2.3.31\freemarker-2.3.31.jar;D:\tools\apache-maven-3.6.3\repository\io\springfox\springfox-swagger-ui\2.9.2\springfox-swagger-ui-2.9.2.jar;D:\tools\apache-maven-3.6.3\repository\io\springfox\springfox-spring-web\2.9.2\springfox-spring-web-2.9.2.jar;D:\tools\apache-maven-3.6.3\repository\io\springfox\springfox-swagger2\2.9.2\springfox-swagger2-2.9.2.jar;D:\tools\apache-maven-3.6.3\repository\io\swagger\swagger-annotations\1.5.20\swagger-annotations-1.5.20.jar;D:\tools\apache-maven-3.6.3\repository\io\swagger\swagger-models\1.5.20\swagger-models-1.5.20.jar;D:\tools\apache-maven-3.6.3\repository\com\fasterxml\jackson\core\jackson-annotations\2.13.4\jackson-annotations-2.13.4.jar;D:\tools\apache-maven-3.6.3\repository\io\springfox\springfox-spi\2.9.2\springfox-spi-2.9.2.jar;D:\tools\apache-maven-3.6.3\repository\io\springfox\springfox-core\2.9.2\springfox-core-2.9.2.jar;D:\tools\apache-maven-3.6.3\repository\io\springfox\springfox-schema\2.9.2\springfox-schema-2.9.2.jar;D:\tools\apache-maven-3.6.3\repository\io\springfox\springfox-swagger-common\2.9.2\springfox-swagger-common-2.9.2.jar;D:\tools\apache-maven-3.6.3\repository\com\google\guava\guava\20.0\guava-20.0.jar;D:\tools\apache-maven-3.6.3\repository\com\fasterxml\classmate\1.5.1\classmate-1.5.1.jar;D:\tools\apache-maven-3.6.3\repository\org\slf4j\slf4j-api\1.7.36\slf4j-api-1.7.36.jar;D:\tools\apache-maven-3.6.3\repository\org\springframework\plugin\spring-plugin-core\1.2.0.RELEASE\spring-plugin-core-1.2.0.RELEASE.jar;D:\tools\apache-maven-3.6.3\repository\org\springframework\plugin\spring-plugin-metadata\1.2.0.RELEASE\spring-plugin-metadata-1.2.0.RELEASE.jar;D:\tools\apache-maven-3.6.3\repository\org\mapstruct\mapstruct\1.2.0.Final\mapstruct-1.2.0.Final.jar;D:\tools\apache-maven-3.6.3\repository\org\springframework\boot\spring-boot-starter-freemarker\2.7.6\spring-boot-starter-freemarker-2.7.6.jar;D:\tools\apache-maven-3.6.3\repository\org\springframework\spring-context-support\5.3.24\spring-context-support-5.3.24.jar;D:\tools\apache-maven-3.6.3\repository\org\projectlombok\lombok\1.18.24\lombok-1.18.24.jar;D:\tools\apache-maven-3.6.3\repository\org\apache\commons\commons-lang3\3.12.0\commons-lang3-3.12.0.jar;D:\tools\apache-maven-3.6.3\repository\org\springframework\boot\spring-boot-starter-test\2.7.6\spring-boot-starter-test-2.7.6.jar;D:\tools\apache-maven-3.6.3\repository\org\springframework\boot\spring-boot-test\2.7.6\spring-boot-test-2.7.6.jar;D:\tools\apache-maven-3.6.3\repository\org\springframework\boot\spring-boot-test-autoconfigure\2.7.6\spring-boot-test-autoconfigure-2.7.6.jar;D:\tools\apache-maven-3.6.3\repository\com\jayway\jsonpath\json-path\2.7.0\json-path-2.7.0.jar;D:\tools\apache-maven-3.6.3\repository\net\minidev\json-smart\2.4.8\json-smart-2.4.8.jar;D:\tools\apache-maven-3.6.3\repository\net\minidev\accessors-smart\2.4.8\accessors-smart-2.4.8.jar;D:\tools\apache-maven-3.6.3\repository\org\ow2\asm\asm\9.1\asm-9.1.jar;D:\tools\apache-maven-3.6.3\repository\jakarta\xml\bind\jakarta.xml.bind-api\2.3.3\jakarta.xml.bind-api-2.3.3.jar;D:\tools\apache-maven-3.6.3\repository\jakarta\activation\jakarta.activation-api\1.2.2\jakarta.activation-api-1.2.2.jar;D:\tools\apache-maven-3.6.3\repository\org\assertj\assertj-core\3.22.0\assertj-core-3.22.0.jar;D:\tools\apache-maven-3.6.3\repository\org\hamcrest\hamcrest\2.2\hamcrest-2.2.jar;D:\tools\apache-maven-3.6.3\repository\org\junit\jupiter\junit-jupiter\5.8.2\junit-jupiter-5.8.2.jar;D:\tools\apache-maven-3.6.3\repository\org\junit\jupiter\junit-jupiter-api\5.8.2\junit-jupiter-api-5.8.2.jar;D:\tools\apache-maven-3.6.3\repository\org\opentest4j\opentest4j\1.2.0\opentest4j-1.2.0.jar;D:\tools\apache-maven-3.6.3\repository\org\junit\platform\junit-platform-commons\1.8.2\junit-platform-commons-1.8.2.jar;D:\tools\apache-maven-3.6.3\repository\org\apiguardian\apiguardian-api\1.1.2\apiguardian-api-1.1.2.jar;D:\tools\apache-maven-3.6.3\repository\org\junit\jupiter\junit-jupiter-params\5.8.2\junit-jupiter-params-5.8.2.jar;D:\tools\apache-maven-3.6.3\repository\org\junit\jupiter\junit-jupiter-engine\5.8.2\junit-jupiter-engine-5.8.2.jar;D:\tools\apache-maven-3.6.3\repository\org\junit\platform\junit-platform-engine\1.8.2\junit-platform-engine-1.8.2.jar;D:\tools\apache-maven-3.6.3\repository\org\mockito\mockito-core\4.5.1\mockito-core-4.5.1.jar;D:\tools\apache-maven-3.6.3\repository\net\bytebuddy\byte-buddy\1.12.19\byte-buddy-1.12.19.jar;D:\tools\apache-maven-3.6.3\repository\net\bytebuddy\byte-buddy-agent\1.12.19\byte-buddy-agent-1.12.19.jar;D:\tools\apache-maven-3.6.3\repository\org\objenesis\objenesis\3.2\objenesis-3.2.jar;D:\tools\apache-maven-3.6.3\repository\org\mockito\mockito-junit-jupiter\4.5.1\mockito-junit-jupiter-4.5.1.jar;D:\tools\apache-maven-3.6.3\repository\org\skyscreamer\jsonassert\1.5.1\jsonassert-1.5.1.jar;D:\tools\apache-maven-3.6.3\repository\com\vaadin\external\google\android-json\0.0.20131108.vaadin1\android-json-0.0.20131108.vaadin1.jar;D:\tools\apache-maven-3.6.3\repository\org\springframework\spring-core\5.3.24\spring-core-5.3.24.jar;D:\tools\apache-maven-3.6.3\repository\org\springframework\spring-jcl\5.3.24\spring-jcl-5.3.24.jar;D:\tools\apache-maven-3.6.3\repository\org\springframework\spring-test\5.3.24\spring-test-5.3.24.jar;D:\tools\apache-maven-3.6.3\repository\org\xmlunit\xmlunit-core\2.9.0\xmlunit-core-2.9.0.jar;D:\tools\apache-maven-3.6.3\repository\org\springframework\boot\spring-boot-configuration-processor\2.7.6\spring-boot-configuration-processor-2.7.6.jar;D:\tools\apache-maven-3.6.3\repository\org\springframework\boot\spring-boot-devtools\2.7.6\spring-boot-devtools-2.7.6.jar;D:\tools\apache-maven-3.6.3\repository\org\springframework\boot\spring-boot\2.7.6\spring-boot-2.7.6.jar;D:\tools\apache-maven-3.6.3\repository\io\jsonwebtoken\jjwt\0.9.1\jjwt-0.9.1.jar;D:\tools\apache-maven-3.6.3\repository\com\fasterxml\jackson\core\jackson-databind\2.13.4.2\jackson-databind-2.13.4.2.jar;D:\tools\apache-maven-3.6.3\repository\com\fasterxml\jackson\core\jackson-core\2.13.4\jackson-core-2.13.4.jar;"/>
    <property name="java.vm.vendor" value="Oracle Corporation"/>
    <property name="sun.arch.data.model" value="64"/>
    <property name="user.variant" value=""/>
    <property name="java.vendor.url" value="http://java.oracle.com/"/>
    <property name="user.timezone" value="Asia/Shanghai"/>
    <property name="java.vm.specification.version" value="1.8"/>
    <property name="os.name" value="Windows 10"/>
    <property name="user.country" value="CN"/>
    <property name="sun.java.launcher" value="SUN_STANDARD"/>
    <property name="sun.boot.library.path" value="D:\Code Files\Code Environment\Java JDK\jdk1.8.0_144\jre\bin"/>
    <property name="sun.java.command" value="C:\Users\Administrator\AppData\Local\Temp\surefire3157999311142514903\surefirebooter3154958474542276126.jar C:\Users\Administrator\AppData\Local\Temp\surefire3157999311142514903 2025-03-30T22-19-00_889-jvmRun1 surefire7596103659059127307tmp surefire_03978482625605410957tmp"/>
    <property name="surefire.test.class.path" value="D:\Code Files\Vue File\Temu_Project\AFS_SpringBoot_Product\target\test-classes;D:\Code Files\Vue File\Temu_Project\AFS_SpringBoot_Product\target\classes;D:\tools\apache-maven-3.6.3\repository\org\springframework\boot\spring-boot-starter-web\2.7.6\spring-boot-starter-web-2.7.6.jar;D:\tools\apache-maven-3.6.3\repository\org\springframework\boot\spring-boot-starter\2.7.6\spring-boot-starter-2.7.6.jar;D:\tools\apache-maven-3.6.3\repository\org\springframework\boot\spring-boot-starter-logging\2.7.6\spring-boot-starter-logging-2.7.6.jar;D:\tools\apache-maven-3.6.3\repository\ch\qos\logback\logback-classic\1.2.11\logback-classic-1.2.11.jar;D:\tools\apache-maven-3.6.3\repository\ch\qos\logback\logback-core\1.2.11\logback-core-1.2.11.jar;D:\tools\apache-maven-3.6.3\repository\org\apache\logging\log4j\log4j-to-slf4j\2.17.2\log4j-to-slf4j-2.17.2.jar;D:\tools\apache-maven-3.6.3\repository\org\apache\logging\log4j\log4j-api\2.17.2\log4j-api-2.17.2.jar;D:\tools\apache-maven-3.6.3\repository\org\slf4j\jul-to-slf4j\1.7.36\jul-to-slf4j-1.7.36.jar;D:\tools\apache-maven-3.6.3\repository\jakarta\annotation\jakarta.annotation-api\1.3.5\jakarta.annotation-api-1.3.5.jar;D:\tools\apache-maven-3.6.3\repository\org\yaml\snakeyaml\1.30\snakeyaml-1.30.jar;D:\tools\apache-maven-3.6.3\repository\org\springframework\boot\spring-boot-starter-json\2.7.6\spring-boot-starter-json-2.7.6.jar;D:\tools\apache-maven-3.6.3\repository\com\fasterxml\jackson\datatype\jackson-datatype-jdk8\2.13.4\jackson-datatype-jdk8-2.13.4.jar;D:\tools\apache-maven-3.6.3\repository\com\fasterxml\jackson\datatype\jackson-datatype-jsr310\2.13.4\jackson-datatype-jsr310-2.13.4.jar;D:\tools\apache-maven-3.6.3\repository\com\fasterxml\jackson\module\jackson-module-parameter-names\2.13.4\jackson-module-parameter-names-2.13.4.jar;D:\tools\apache-maven-3.6.3\repository\org\springframework\boot\spring-boot-starter-tomcat\2.7.6\spring-boot-starter-tomcat-2.7.6.jar;D:\tools\apache-maven-3.6.3\repository\org\apache\tomcat\embed\tomcat-embed-core\9.0.69\tomcat-embed-core-9.0.69.jar;D:\tools\apache-maven-3.6.3\repository\org\apache\tomcat\embed\tomcat-embed-el\9.0.69\tomcat-embed-el-9.0.69.jar;D:\tools\apache-maven-3.6.3\repository\org\apache\tomcat\embed\tomcat-embed-websocket\9.0.69\tomcat-embed-websocket-9.0.69.jar;D:\tools\apache-maven-3.6.3\repository\org\springframework\spring-web\5.3.24\spring-web-5.3.24.jar;D:\tools\apache-maven-3.6.3\repository\org\springframework\spring-beans\5.3.24\spring-beans-5.3.24.jar;D:\tools\apache-maven-3.6.3\repository\org\springframework\spring-webmvc\5.3.24\spring-webmvc-5.3.24.jar;D:\tools\apache-maven-3.6.3\repository\org\springframework\spring-aop\5.3.24\spring-aop-5.3.24.jar;D:\tools\apache-maven-3.6.3\repository\org\springframework\spring-context\5.3.24\spring-context-5.3.24.jar;D:\tools\apache-maven-3.6.3\repository\org\springframework\spring-expression\5.3.24\spring-expression-5.3.24.jar;D:\tools\apache-maven-3.6.3\repository\com\mysql\mysql-connector-j\8.0.31\mysql-connector-j-8.0.31.jar;D:\tools\apache-maven-3.6.3\repository\com\baomidou\mybatis-plus-boot-starter\3.3.2\mybatis-plus-boot-starter-3.3.2.jar;D:\tools\apache-maven-3.6.3\repository\com\baomidou\mybatis-plus\3.3.2\mybatis-plus-3.3.2.jar;D:\tools\apache-maven-3.6.3\repository\org\springframework\boot\spring-boot-autoconfigure\2.7.6\spring-boot-autoconfigure-2.7.6.jar;D:\tools\apache-maven-3.6.3\repository\org\springframework\boot\spring-boot-starter-jdbc\2.7.6\spring-boot-starter-jdbc-2.7.6.jar;D:\tools\apache-maven-3.6.3\repository\com\zaxxer\HikariCP\4.0.3\HikariCP-4.0.3.jar;D:\tools\apache-maven-3.6.3\repository\org\springframework\spring-jdbc\5.3.24\spring-jdbc-5.3.24.jar;D:\tools\apache-maven-3.6.3\repository\org\springframework\spring-tx\5.3.24\spring-tx-5.3.24.jar;D:\tools\apache-maven-3.6.3\repository\com\baomidou\mybatis-plus-generator\3.3.2\mybatis-plus-generator-3.3.2.jar;D:\tools\apache-maven-3.6.3\repository\com\baomidou\mybatis-plus-extension\3.3.2\mybatis-plus-extension-3.3.2.jar;D:\tools\apache-maven-3.6.3\repository\com\baomidou\mybatis-plus-core\3.3.2\mybatis-plus-core-3.3.2.jar;D:\tools\apache-maven-3.6.3\repository\com\baomidou\mybatis-plus-annotation\3.3.2\mybatis-plus-annotation-3.3.2.jar;D:\tools\apache-maven-3.6.3\repository\com\github\jsqlparser\jsqlparser\3.1\jsqlparser-3.1.jar;D:\tools\apache-maven-3.6.3\repository\org\mybatis\mybatis\3.5.4\mybatis-3.5.4.jar;D:\tools\apache-maven-3.6.3\repository\org\mybatis\mybatis-spring\2.0.4\mybatis-spring-2.0.4.jar;D:\tools\apache-maven-3.6.3\repository\org\freemarker\freemarker\2.3.31\freemarker-2.3.31.jar;D:\tools\apache-maven-3.6.3\repository\io\springfox\springfox-swagger-ui\2.9.2\springfox-swagger-ui-2.9.2.jar;D:\tools\apache-maven-3.6.3\repository\io\springfox\springfox-spring-web\2.9.2\springfox-spring-web-2.9.2.jar;D:\tools\apache-maven-3.6.3\repository\io\springfox\springfox-swagger2\2.9.2\springfox-swagger2-2.9.2.jar;D:\tools\apache-maven-3.6.3\repository\io\swagger\swagger-annotations\1.5.20\swagger-annotations-1.5.20.jar;D:\tools\apache-maven-3.6.3\repository\io\swagger\swagger-models\1.5.20\swagger-models-1.5.20.jar;D:\tools\apache-maven-3.6.3\repository\com\fasterxml\jackson\core\jackson-annotations\2.13.4\jackson-annotations-2.13.4.jar;D:\tools\apache-maven-3.6.3\repository\io\springfox\springfox-spi\2.9.2\springfox-spi-2.9.2.jar;D:\tools\apache-maven-3.6.3\repository\io\springfox\springfox-core\2.9.2\springfox-core-2.9.2.jar;D:\tools\apache-maven-3.6.3\repository\io\springfox\springfox-schema\2.9.2\springfox-schema-2.9.2.jar;D:\tools\apache-maven-3.6.3\repository\io\springfox\springfox-swagger-common\2.9.2\springfox-swagger-common-2.9.2.jar;D:\tools\apache-maven-3.6.3\repository\com\google\guava\guava\20.0\guava-20.0.jar;D:\tools\apache-maven-3.6.3\repository\com\fasterxml\classmate\1.5.1\classmate-1.5.1.jar;D:\tools\apache-maven-3.6.3\repository\org\slf4j\slf4j-api\1.7.36\slf4j-api-1.7.36.jar;D:\tools\apache-maven-3.6.3\repository\org\springframework\plugin\spring-plugin-core\1.2.0.RELEASE\spring-plugin-core-1.2.0.RELEASE.jar;D:\tools\apache-maven-3.6.3\repository\org\springframework\plugin\spring-plugin-metadata\1.2.0.RELEASE\spring-plugin-metadata-1.2.0.RELEASE.jar;D:\tools\apache-maven-3.6.3\repository\org\mapstruct\mapstruct\1.2.0.Final\mapstruct-1.2.0.Final.jar;D:\tools\apache-maven-3.6.3\repository\org\springframework\boot\spring-boot-starter-freemarker\2.7.6\spring-boot-starter-freemarker-2.7.6.jar;D:\tools\apache-maven-3.6.3\repository\org\springframework\spring-context-support\5.3.24\spring-context-support-5.3.24.jar;D:\tools\apache-maven-3.6.3\repository\org\projectlombok\lombok\1.18.24\lombok-1.18.24.jar;D:\tools\apache-maven-3.6.3\repository\org\apache\commons\commons-lang3\3.12.0\commons-lang3-3.12.0.jar;D:\tools\apache-maven-3.6.3\repository\org\springframework\boot\spring-boot-starter-test\2.7.6\spring-boot-starter-test-2.7.6.jar;D:\tools\apache-maven-3.6.3\repository\org\springframework\boot\spring-boot-test\2.7.6\spring-boot-test-2.7.6.jar;D:\tools\apache-maven-3.6.3\repository\org\springframework\boot\spring-boot-test-autoconfigure\2.7.6\spring-boot-test-autoconfigure-2.7.6.jar;D:\tools\apache-maven-3.6.3\repository\com\jayway\jsonpath\json-path\2.7.0\json-path-2.7.0.jar;D:\tools\apache-maven-3.6.3\repository\net\minidev\json-smart\2.4.8\json-smart-2.4.8.jar;D:\tools\apache-maven-3.6.3\repository\net\minidev\accessors-smart\2.4.8\accessors-smart-2.4.8.jar;D:\tools\apache-maven-3.6.3\repository\org\ow2\asm\asm\9.1\asm-9.1.jar;D:\tools\apache-maven-3.6.3\repository\jakarta\xml\bind\jakarta.xml.bind-api\2.3.3\jakarta.xml.bind-api-2.3.3.jar;D:\tools\apache-maven-3.6.3\repository\jakarta\activation\jakarta.activation-api\1.2.2\jakarta.activation-api-1.2.2.jar;D:\tools\apache-maven-3.6.3\repository\org\assertj\assertj-core\3.22.0\assertj-core-3.22.0.jar;D:\tools\apache-maven-3.6.3\repository\org\hamcrest\hamcrest\2.2\hamcrest-2.2.jar;D:\tools\apache-maven-3.6.3\repository\org\junit\jupiter\junit-jupiter\5.8.2\junit-jupiter-5.8.2.jar;D:\tools\apache-maven-3.6.3\repository\org\junit\jupiter\junit-jupiter-api\5.8.2\junit-jupiter-api-5.8.2.jar;D:\tools\apache-maven-3.6.3\repository\org\opentest4j\opentest4j\1.2.0\opentest4j-1.2.0.jar;D:\tools\apache-maven-3.6.3\repository\org\junit\platform\junit-platform-commons\1.8.2\junit-platform-commons-1.8.2.jar;D:\tools\apache-maven-3.6.3\repository\org\apiguardian\apiguardian-api\1.1.2\apiguardian-api-1.1.2.jar;D:\tools\apache-maven-3.6.3\repository\org\junit\jupiter\junit-jupiter-params\5.8.2\junit-jupiter-params-5.8.2.jar;D:\tools\apache-maven-3.6.3\repository\org\junit\jupiter\junit-jupiter-engine\5.8.2\junit-jupiter-engine-5.8.2.jar;D:\tools\apache-maven-3.6.3\repository\org\junit\platform\junit-platform-engine\1.8.2\junit-platform-engine-1.8.2.jar;D:\tools\apache-maven-3.6.3\repository\org\mockito\mockito-core\4.5.1\mockito-core-4.5.1.jar;D:\tools\apache-maven-3.6.3\repository\net\bytebuddy\byte-buddy\1.12.19\byte-buddy-1.12.19.jar;D:\tools\apache-maven-3.6.3\repository\net\bytebuddy\byte-buddy-agent\1.12.19\byte-buddy-agent-1.12.19.jar;D:\tools\apache-maven-3.6.3\repository\org\objenesis\objenesis\3.2\objenesis-3.2.jar;D:\tools\apache-maven-3.6.3\repository\org\mockito\mockito-junit-jupiter\4.5.1\mockito-junit-jupiter-4.5.1.jar;D:\tools\apache-maven-3.6.3\repository\org\skyscreamer\jsonassert\1.5.1\jsonassert-1.5.1.jar;D:\tools\apache-maven-3.6.3\repository\com\vaadin\external\google\android-json\0.0.20131108.vaadin1\android-json-0.0.20131108.vaadin1.jar;D:\tools\apache-maven-3.6.3\repository\org\springframework\spring-core\5.3.24\spring-core-5.3.24.jar;D:\tools\apache-maven-3.6.3\repository\org\springframework\spring-jcl\5.3.24\spring-jcl-5.3.24.jar;D:\tools\apache-maven-3.6.3\repository\org\springframework\spring-test\5.3.24\spring-test-5.3.24.jar;D:\tools\apache-maven-3.6.3\repository\org\xmlunit\xmlunit-core\2.9.0\xmlunit-core-2.9.0.jar;D:\tools\apache-maven-3.6.3\repository\org\springframework\boot\spring-boot-configuration-processor\2.7.6\spring-boot-configuration-processor-2.7.6.jar;D:\tools\apache-maven-3.6.3\repository\org\springframework\boot\spring-boot-devtools\2.7.6\spring-boot-devtools-2.7.6.jar;D:\tools\apache-maven-3.6.3\repository\org\springframework\boot\spring-boot\2.7.6\spring-boot-2.7.6.jar;D:\tools\apache-maven-3.6.3\repository\io\jsonwebtoken\jjwt\0.9.1\jjwt-0.9.1.jar;D:\tools\apache-maven-3.6.3\repository\com\fasterxml\jackson\core\jackson-databind\2.13.4.2\jackson-databind-2.13.4.2.jar;D:\tools\apache-maven-3.6.3\repository\com\fasterxml\jackson\core\jackson-core\2.13.4\jackson-core-2.13.4.jar;"/>
    <property name="sun.cpu.endian" value="little"/>
    <property name="user.home" value="C:\Users\Administrator"/>
    <property name="user.language" value="zh"/>
    <property name="java.specification.vendor" value="Oracle Corporation"/>
    <property name="java.home" value="D:\Code Files\Code Environment\Java JDK\jdk1.8.0_144\jre"/>
    <property name="basedir" value="D:\Code Files\Vue File\Temu_Project\AFS_SpringBoot_Product"/>
    <property name="file.separator" value="\"/>
    <property name="line.separator" value="&#10;"/>
    <property name="java.vm.specification.vendor" value="Oracle Corporation"/>
    <property name="java.specification.name" value="Java Platform API Specification"/>
    <property name="java.awt.graphicsenv" value="sun.awt.Win32GraphicsEnvironment"/>
    <property name="surefire.real.class.path" value="C:\Users\Administrator\AppData\Local\Temp\surefire3157999311142514903\surefirebooter3154958474542276126.jar"/>
    <property name="sun.boot.class.path" value="D:\Code Files\Code Environment\Java JDK\jdk1.8.0_144\jre\lib\resources.jar;D:\Code Files\Code Environment\Java JDK\jdk1.8.0_144\jre\lib\rt.jar;D:\Code Files\Code Environment\Java JDK\jdk1.8.0_144\jre\lib\sunrsasign.jar;D:\Code Files\Code Environment\Java JDK\jdk1.8.0_144\jre\lib\jsse.jar;D:\Code Files\Code Environment\Java JDK\jdk1.8.0_144\jre\lib\jce.jar;D:\Code Files\Code Environment\Java JDK\jdk1.8.0_144\jre\lib\charsets.jar;D:\Code Files\Code Environment\Java JDK\jdk1.8.0_144\jre\lib\jfr.jar;D:\Code Files\Code Environment\Java JDK\jdk1.8.0_144\jre\classes"/>
    <property name="user.script" value=""/>
    <property name="sun.management.compiler" value="HotSpot 64-Bit Tiered Compilers"/>
    <property name="java.runtime.version" value="1.8.0_144-b01"/>
    <property name="user.name" value="Administrator"/>
    <property name="path.separator" value=";"/>
    <property name="os.version" value="10.0"/>
    <property name="java.endorsed.dirs" value="D:\Code Files\Code Environment\Java JDK\jdk1.8.0_144\jre\lib\endorsed"/>
    <property name="java.runtime.name" value="Java(TM) SE Runtime Environment"/>
    <property name="file.encoding" value="GBK"/>
    <property name="java.vm.name" value="Java HotSpot(TM) 64-Bit Server VM"/>
    <property name="localRepository" value="D:\tools\apache-maven-3.6.3\repository"/>
    <property name="java.vendor.url.bug" value="http://bugreport.sun.com/bugreport/"/>
    <property name="java.io.tmpdir" value="C:\Users\Administrator\AppData\Local\Temp\"/>
    <property name="idea.version" value="2021.3.3"/>
    <property name="java.version" value="1.8.0_144"/>
    <property name="user.dir" value="D:\Code Files\Vue File\Temu_Project\AFS_SpringBoot_Product"/>
    <property name="os.arch" value="amd64"/>
    <property name="java.vm.specification.name" value="Java Virtual Machine Specification"/>
    <property name="java.awt.printerjob" value="sun.awt.windows.WPrinterJob"/>
    <property name="sun.os.patch.level" value=""/>
    <property name="java.library.path" value="D:\Code Files\Code Environment\Java JDK\jdk1.8.0_144\jre\bin;C:\Windows\Sun\Java\bin;C:\Windows\system32;C:\Windows;D:\应用存储路径\ShadowBot;C:\Wi;dows\system32;C:\Windows;C:\Windows\System32\Wbem;C:\Windows\System32\WindowsPowerShell\v1.0\;C:\Windows\System32\OpenSSH\;C:\Program Files\NVIDIA Corporation\NVIDIA app\NvDLISR;C:\Program Files (x86)\NVIDIA Corporation\PhysX\Common;D:\Code Files\Node File\;D:\Code Files\Code Environment\Java JDK\jdk1.8.0_144\bin;D:\Code Files\Code Environment\Java JDK\jdk1.8.0_144\jre\bin;C:\Program Files\Git\cmd;C:\Program Files\TortoiseGit\bin;C:\Windows\system32\config\systemprofile\AppData\Local\Microsoft\WindowsApps;C:\Users\Administrator\AppData\Local\Microsoft\WindowsApps;C:\Users\Administrator\AppData\Local\Programs\cursor\resources\app\bin;C:\Users\Administrator\AppData\Roaming\npm;D:\Code Files\Code Editor\Microsoft VS Code\bin;C:\Users\Administrator\AppData\Local\Programs\Fiddler;."/>
    <property name="java.vm.info" value="mixed mode"/>
    <property name="java.vendor" value="Oracle Corporation"/>
    <property name="java.vm.version" value="25.144-b01"/>
    <property name="java.ext.dirs" value="D:\Code Files\Code Environment\Java JDK\jdk1.8.0_144\jre\lib\ext;C:\Windows\Sun\Java\lib\ext"/>
    <property name="sun.io.unicode.encoding" value="UnicodeLittle"/>
    <property name="maven.repo.local" value="D:\tools\apache-maven-3.6.3\repository"/>
    <property name="java.class.version" value="52.0"/>
  </properties>
  <testcase name="delete" classname="com.xmh.service.IStudentServiceTest" time="1.028">
    <error message="&#10;### Error updating database.  Cause: java.sql.SQLSyntaxErrorException: Table &apos;afs_data.t_student&apos; doesn&apos;t exist&#10;### The error may exist in com/xmh/mapper/StudentMapper.java (best guess)&#10;### The error may involve com.xmh.mapper.StudentMapper.deleteBatchIds-Inline&#10;### The error occurred while setting parameters&#10;### SQL: UPDATE t_student SET deleted=1 WHERE sid IN (   ?  ,  ?  ,  ?  )  AND deleted=0&#10;### Cause: java.sql.SQLSyntaxErrorException: Table &apos;afs_data.t_student&apos; doesn&apos;t exist&#10;; bad SQL grammar []; nested exception is java.sql.SQLSyntaxErrorException: Table &apos;afs_data.t_student&apos; doesn&apos;t exist" type="org.springframework.jdbc.BadSqlGrammarException">org.springframework.jdbc.BadSqlGrammarException: 

### Error updating database.  Cause: java.sql.SQLSyntaxErrorException: Table 'afs_data.t_student' doesn't exist
### The error may exist in com/xmh/mapper/StudentMapper.java (best guess)
### The error may involve com.xmh.mapper.StudentMapper.deleteBatchIds-Inline
### The error occurred while setting parameters
### SQL: UPDATE t_student SET deleted=1 WHERE sid IN (   ?  ,  ?  ,  ?  )  AND deleted=0
### Cause: java.sql.SQLSyntaxErrorException: Table 'afs_data.t_student' doesn't exist
; bad SQL grammar []; nested exception is java.sql.SQLSyntaxErrorException: Table 'afs_data.t_student' doesn't exist
	at com.xmh.service.IStudentServiceTest.delete(IStudentServiceTest.java:47)
Caused by: java.sql.SQLSyntaxErrorException: Table 'afs_data.t_student' doesn't exist
	at com.xmh.service.IStudentServiceTest.delete(IStudentServiceTest.java:47)
</error>
    <system-out><![CDATA[22:19:03.826 [main] DEBUG org.springframework.test.context.BootstrapUtils - Instantiating CacheAwareContextLoaderDelegate from class [org.springframework.test.context.cache.DefaultCacheAwareContextLoaderDelegate]
22:19:03.840 [main] DEBUG org.springframework.test.context.BootstrapUtils - Instantiating BootstrapContext using constructor [public org.springframework.test.context.support.DefaultBootstrapContext(java.lang.Class,org.springframework.test.context.CacheAwareContextLoaderDelegate)]
22:19:03.886 [main] DEBUG org.springframework.test.context.BootstrapUtils - Instantiating TestContextBootstrapper for test class [com.xmh.service.IStudentServiceTest] from class [org.springframework.boot.test.context.SpringBootTestContextBootstrapper]
22:19:03.903 [main] INFO org.springframework.boot.test.context.SpringBootTestContextBootstrapper - Neither @ContextConfiguration nor @ContextHierarchy found for test class [com.xmh.service.IStudentServiceTest], using SpringBootContextLoader
22:19:03.908 [main] DEBUG org.springframework.test.context.support.AbstractContextLoader - Did not detect default resource location for test class [com.xmh.service.IStudentServiceTest]: class path resource [com/xmh/service/IStudentServiceTest-context.xml] does not exist
22:19:03.909 [main] DEBUG org.springframework.test.context.support.AbstractContextLoader - Did not detect default resource location for test class [com.xmh.service.IStudentServiceTest]: class path resource [com/xmh/service/IStudentServiceTestContext.groovy] does not exist
22:19:03.909 [main] INFO org.springframework.test.context.support.AbstractContextLoader - Could not detect default resource locations for test class [com.xmh.service.IStudentServiceTest]: no resource found for suffixes {-context.xml, Context.groovy}.
22:19:03.910 [main] INFO org.springframework.test.context.support.AnnotationConfigContextLoaderUtils - Could not detect default configuration classes for test class [com.xmh.service.IStudentServiceTest]: IStudentServiceTest does not declare any static, non-private, non-final, nested classes annotated with @Configuration.
22:19:03.968 [main] DEBUG org.springframework.test.context.support.ActiveProfilesUtils - Could not find an 'annotation declaring class' for annotation type [org.springframework.test.context.ActiveProfiles] and class [com.xmh.service.IStudentServiceTest]
22:19:04.059 [main] DEBUG org.springframework.context.annotation.ClassPathScanningCandidateComponentProvider - Identified candidate component class: file [D:\Code Files\Vue File\Temu_Project\AFS_SpringBoot_Product\target\classes\com\xmh\MySpringBootApplication.class]
22:19:04.060 [main] INFO org.springframework.boot.test.context.SpringBootTestContextBootstrapper - Found @SpringBootConfiguration com.xmh.MySpringBootApplication for test class com.xmh.service.IStudentServiceTest
22:19:04.202 [main] DEBUG org.springframework.boot.test.context.SpringBootTestContextBootstrapper - @TestExecutionListeners is not present for class [com.xmh.service.IStudentServiceTest]: using defaults.
22:19:04.203 [main] INFO org.springframework.boot.test.context.SpringBootTestContextBootstrapper - Loaded default TestExecutionListener class names from location [META-INF/spring.factories]: [org.springframework.boot.test.mock.mockito.MockitoTestExecutionListener, org.springframework.boot.test.mock.mockito.ResetMocksTestExecutionListener, org.springframework.boot.test.autoconfigure.restdocs.RestDocsTestExecutionListener, org.springframework.boot.test.autoconfigure.web.client.MockRestServiceServerResetTestExecutionListener, org.springframework.boot.test.autoconfigure.web.servlet.MockMvcPrintOnlyOnFailureTestExecutionListener, org.springframework.boot.test.autoconfigure.web.servlet.WebDriverTestExecutionListener, org.springframework.boot.test.autoconfigure.webservices.client.MockWebServiceServerTestExecutionListener, org.springframework.test.context.web.ServletTestExecutionListener, org.springframework.test.context.support.DirtiesContextBeforeModesTestExecutionListener, org.springframework.test.context.event.ApplicationEventsTestExecutionListener, org.springframework.test.context.support.DependencyInjectionTestExecutionListener, org.springframework.test.context.support.DirtiesContextTestExecutionListener, org.springframework.test.context.transaction.TransactionalTestExecutionListener, org.springframework.test.context.jdbc.SqlScriptsTestExecutionListener, org.springframework.test.context.event.EventPublishingTestExecutionListener]
22:19:04.229 [main] INFO org.springframework.boot.test.context.SpringBootTestContextBootstrapper - Using TestExecutionListeners: [org.springframework.test.context.web.ServletTestExecutionListener@17bffc17, org.springframework.test.context.support.DirtiesContextBeforeModesTestExecutionListener@6e535154, org.springframework.test.context.event.ApplicationEventsTestExecutionListener@15a34df2, org.springframework.boot.test.mock.mockito.MockitoTestExecutionListener@5b38c1ec, org.springframework.boot.test.autoconfigure.SpringBootDependencyInjectionTestExecutionListener@338fc1d8, org.springframework.test.context.support.DirtiesContextTestExecutionListener@4722ef0c, org.springframework.test.context.transaction.TransactionalTestExecutionListener@48e1f6c7, org.springframework.test.context.jdbc.SqlScriptsTestExecutionListener@55cb6996, org.springframework.test.context.event.EventPublishingTestExecutionListener@1807e3f6, org.springframework.boot.test.mock.mockito.ResetMocksTestExecutionListener@480d3575, org.springframework.boot.test.autoconfigure.restdocs.RestDocsTestExecutionListener@f1da57d, org.springframework.boot.test.autoconfigure.web.client.MockRestServiceServerResetTestExecutionListener@194fad1, org.springframework.boot.test.autoconfigure.web.servlet.MockMvcPrintOnlyOnFailureTestExecutionListener@26abb146, org.springframework.boot.test.autoconfigure.web.servlet.WebDriverTestExecutionListener@72c8e7b, org.springframework.boot.test.autoconfigure.webservices.client.MockWebServiceServerTestExecutionListener@65f8f5ae]
22:19:04.234 [main] DEBUG org.springframework.test.context.support.AbstractDirtiesContextTestExecutionListener - Before test class: context [DefaultTestContext@1c742ed4 testClass = IStudentServiceTest, testInstance = [null], testMethod = [null], testException = [null], mergedContextConfiguration = [WebMergedContextConfiguration@333d4a8c testClass = IStudentServiceTest, locations = '{}', classes = '{class com.xmh.MySpringBootApplication}', contextInitializerClasses = '[]', activeProfiles = '{}', propertySourceLocations = '{}', propertySourceProperties = '{org.springframework.boot.test.context.SpringBootTestContextBootstrapper=true}', contextCustomizers = set[org.springframework.boot.test.context.filter.ExcludeFilterContextCustomizer@2f9f7dcf, org.springframework.boot.test.json.DuplicateJsonObjectContextCustomizerFactory$DuplicateJsonObjectContextCustomizer@4f83df68, org.springframework.boot.test.mock.mockito.MockitoContextCustomizer@0, org.springframework.boot.test.web.client.TestRestTemplateContextCustomizer@2a4fb17b, org.springframework.boot.test.autoconfigure.actuate.metrics.MetricsExportContextCustomizerFactory$DisableMetricExportContextCustomizer@4d5d943d, org.springframework.boot.test.autoconfigure.properties.PropertyMappingContextCustomizer@0, org.springframework.boot.test.autoconfigure.web.servlet.WebDriverContextCustomizerFactory$Customizer@33d512c1, org.springframework.boot.test.context.SpringBootTestArgs@1, org.springframework.boot.test.context.SpringBootTestWebEnvironment@7cd62f43], resourceBasePath = 'src/main/webapp', contextLoader = 'org.springframework.boot.test.context.SpringBootContextLoader', parent = [null]], attributes = map['org.springframework.test.context.web.ServletTestExecutionListener.activateListener' -> true]], class annotated with @DirtiesContext [false] with mode [null].

  .   ____          _            __ _ _
 /\\ / ___'_ __ _ _(_)_ __  __ _ \ \ \ \
( ( )\___ | '_ | '_| | '_ \/ _` | \ \ \ \
 \\/  ___)| |_)| | | | | || (_| |  ) ) ) )
  '  |____| .__|_| |_|_| |_\__, | / / / /
 =========|_|==============|___/=/_/_/_/
 :: Spring Boot ::                (v2.7.6)

2025-03-30 22:19:04.725  INFO 28472 --- [           main] com.xmh.service.IStudentServiceTest      : Starting IStudentServiceTest using Java 1.8.0_144 on PC-20250210LGUP with PID 28472 (started by Administrator in D:\Code Files\Vue File\Temu_Project\AFS_SpringBoot_Product)
2025-03-30 22:19:04.726  INFO 28472 --- [           main] com.xmh.service.IStudentServiceTest      : No active profile set, falling back to 1 default profile: "default"
Logging initialized using 'class org.apache.ibatis.logging.stdout.StdOutImpl' adapter.
Registered plugin: 'AbstractSqlParserHandler(sqlParserList=null, sqlParserFilter=null)'
Parsed mapper file: 'file [D:\Code Files\Vue File\Temu_Project\AFS_SpringBoot_Product\target\classes\mapper\ClassMapper.xml]'
Parsed mapper file: 'file [D:\Code Files\Vue File\Temu_Project\AFS_SpringBoot_Product\target\classes\mapper\ProductDetailsMapper.xml]'
Parsed mapper file: 'file [D:\Code Files\Vue File\Temu_Project\AFS_SpringBoot_Product\target\classes\mapper\ProductMapper.xml]'
Parsed mapper file: 'file [D:\Code Files\Vue File\Temu_Project\AFS_SpringBoot_Product\target\classes\mapper\StudentMapper.xml]'
Can not find table primary key in Class: "com.xmh.model.Login".
2025-03-30 22:19:08.650  INFO 28472 --- [           main] com.xmh.service.IStudentServiceTest      : Started IStudentServiceTest in 4.358 seconds (JVM running for 5.572)
Creating a new SqlSession
SqlSession [org.apache.ibatis.session.defaults.DefaultSqlSession@1b482cbf] was not registered for synchronization because synchronization is not active
2025-03-30 22:19:09.073  INFO 28472 --- [           main] com.zaxxer.hikari.HikariDataSource       : HikariPool-1 - Starting...
2025-03-30 22:19:09.520  INFO 28472 --- [           main] com.zaxxer.hikari.HikariDataSource       : HikariPool-1 - Start completed.
JDBC Connection [HikariProxyConnection@2089858999 wrapping com.mysql.cj.jdbc.ConnectionImpl@5d7911d5] will not be managed by Spring
==>  Preparing: UPDATE t_student SET deleted=1 WHERE sid IN ( ? , ? , ? ) AND deleted=0 
==> Parameters: 7(String), 8(String), 9(String)
Closing non transactional SqlSession [org.apache.ibatis.session.defaults.DefaultSqlSession@1b482cbf]
]]></system-out>
  </testcase>
  <testcase name="insert" classname="com.xmh.service.IStudentServiceTest" time="0.052">
    <error message="&#10;### Error updating database.  Cause: java.sql.SQLSyntaxErrorException: Table &apos;afs_data.t_student&apos; doesn&apos;t exist&#10;### The error may exist in com/xmh/mapper/StudentMapper.java (best guess)&#10;### The error may involve com.xmh.mapper.StudentMapper.insert-Inline&#10;### The error occurred while setting parameters&#10;### SQL: INSERT INTO t_student  ( sid, sname, sex, age, cid, great_time )  VALUES  ( ?, ?, ?, ?, ?, ? )&#10;### Cause: java.sql.SQLSyntaxErrorException: Table &apos;afs_data.t_student&apos; doesn&apos;t exist&#10;; bad SQL grammar []; nested exception is java.sql.SQLSyntaxErrorException: Table &apos;afs_data.t_student&apos; doesn&apos;t exist" type="org.springframework.jdbc.BadSqlGrammarException">org.springframework.jdbc.BadSqlGrammarException: 

### Error updating database.  Cause: java.sql.SQLSyntaxErrorException: Table 'afs_data.t_student' doesn't exist
### The error may exist in com/xmh/mapper/StudentMapper.java (best guess)
### The error may involve com.xmh.mapper.StudentMapper.insert-Inline
### The error occurred while setting parameters
### SQL: INSERT INTO t_student  ( sid, sname, sex, age, cid, great_time )  VALUES  ( ?, ?, ?, ?, ?, ? )
### Cause: java.sql.SQLSyntaxErrorException: Table 'afs_data.t_student' doesn't exist
; bad SQL grammar []; nested exception is java.sql.SQLSyntaxErrorException: Table 'afs_data.t_student' doesn't exist
	at com.xmh.service.IStudentServiceTest.insert(IStudentServiceTest.java:33)
Caused by: java.sql.SQLSyntaxErrorException: Table 'afs_data.t_student' doesn't exist
	at com.xmh.service.IStudentServiceTest.insert(IStudentServiceTest.java:33)
</error>
    <system-out><![CDATA[Creating a new SqlSession
SqlSession [org.apache.ibatis.session.defaults.DefaultSqlSession@5f726750] was not registered for synchronization because synchronization is not active
添加方法...自动填充更新和插入时间
JDBC Connection [HikariProxyConnection@1938974193 wrapping com.mysql.cj.jdbc.ConnectionImpl@5d7911d5] will not be managed by Spring
==>  Preparing: INSERT INTO t_student ( sid, sname, sex, age, cid, great_time ) VALUES ( ?, ?, ?, ?, ?, ? ) 
==> Parameters: 1906350489842503682(String), 赵框(String), 男(String), 24(Integer), 1(Integer), 2025-03-30 22:19:09.716(Timestamp)
Closing non transactional SqlSession [org.apache.ibatis.session.defaults.DefaultSqlSession@5f726750]
]]></system-out>
  </testcase>
  <testcase name="ConditionalQuery" classname="com.xmh.service.IStudentServiceTest" time="0.003"/>
  <testcase name="findOne" classname="com.xmh.service.IStudentServiceTest" time="0.026">
    <error message="&#10;### Error querying database.  Cause: java.sql.SQLSyntaxErrorException: Table &apos;afs_data.t_student&apos; doesn&apos;t exist&#10;### The error may exist in com/xmh/mapper/StudentMapper.java (best guess)&#10;### The error may involve defaultParameterMap&#10;### The error occurred while setting parameters&#10;### SQL: SELECT sid,sname,sex,age,cid,great_time,update_time,deleted FROM t_student WHERE sid=?  AND deleted=0&#10;### Cause: java.sql.SQLSyntaxErrorException: Table &apos;afs_data.t_student&apos; doesn&apos;t exist&#10;; bad SQL grammar []; nested exception is java.sql.SQLSyntaxErrorException: Table &apos;afs_data.t_student&apos; doesn&apos;t exist" type="org.springframework.jdbc.BadSqlGrammarException">org.springframework.jdbc.BadSqlGrammarException: 

### Error querying database.  Cause: java.sql.SQLSyntaxErrorException: Table 'afs_data.t_student' doesn't exist
### The error may exist in com/xmh/mapper/StudentMapper.java (best guess)
### The error may involve defaultParameterMap
### The error occurred while setting parameters
### SQL: SELECT sid,sname,sex,age,cid,great_time,update_time,deleted FROM t_student WHERE sid=?  AND deleted=0
### Cause: java.sql.SQLSyntaxErrorException: Table 'afs_data.t_student' doesn't exist
; bad SQL grammar []; nested exception is java.sql.SQLSyntaxErrorException: Table 'afs_data.t_student' doesn't exist
	at com.xmh.service.IStudentServiceTest.findOne(IStudentServiceTest.java:61)
Caused by: java.sql.SQLSyntaxErrorException: Table 'afs_data.t_student' doesn't exist
	at com.xmh.service.IStudentServiceTest.findOne(IStudentServiceTest.java:61)
</error>
    <system-out><![CDATA[Creating a new SqlSession
SqlSession [org.apache.ibatis.session.defaults.DefaultSqlSession@5f025000] was not registered for synchronization because synchronization is not active
JDBC Connection [HikariProxyConnection@1096648926 wrapping com.mysql.cj.jdbc.ConnectionImpl@5d7911d5] will not be managed by Spring
==>  Preparing: SELECT sid,sname,sex,age,cid,great_time,update_time,deleted FROM t_student WHERE sid=? AND deleted=0 
==> Parameters: 1622431204575850497(String)
Closing non transactional SqlSession [org.apache.ibatis.session.defaults.DefaultSqlSession@5f025000]
]]></system-out>
  </testcase>
  <testcase name="deleteOne" classname="com.xmh.service.IStudentServiceTest" time="0.038">
    <error message="&#10;### Error updating database.  Cause: java.sql.SQLSyntaxErrorException: Table &apos;afs_data.t_student&apos; doesn&apos;t exist&#10;### The error may exist in com/xmh/mapper/StudentMapper.java (best guess)&#10;### The error may involve com.xmh.mapper.StudentMapper.deleteById-Inline&#10;### The error occurred while setting parameters&#10;### SQL: UPDATE t_student SET deleted=1 WHERE sid=?  AND deleted=0&#10;### Cause: java.sql.SQLSyntaxErrorException: Table &apos;afs_data.t_student&apos; doesn&apos;t exist&#10;; bad SQL grammar []; nested exception is java.sql.SQLSyntaxErrorException: Table &apos;afs_data.t_student&apos; doesn&apos;t exist" type="org.springframework.jdbc.BadSqlGrammarException">org.springframework.jdbc.BadSqlGrammarException: 

### Error updating database.  Cause: java.sql.SQLSyntaxErrorException: Table 'afs_data.t_student' doesn't exist
### The error may exist in com/xmh/mapper/StudentMapper.java (best guess)
### The error may involve com.xmh.mapper.StudentMapper.deleteById-Inline
### The error occurred while setting parameters
### SQL: UPDATE t_student SET deleted=1 WHERE sid=?  AND deleted=0
### Cause: java.sql.SQLSyntaxErrorException: Table 'afs_data.t_student' doesn't exist
; bad SQL grammar []; nested exception is java.sql.SQLSyntaxErrorException: Table 'afs_data.t_student' doesn't exist
	at com.xmh.service.IStudentServiceTest.deleteOne(IStudentServiceTest.java:40)
Caused by: java.sql.SQLSyntaxErrorException: Table 'afs_data.t_student' doesn't exist
	at com.xmh.service.IStudentServiceTest.deleteOne(IStudentServiceTest.java:40)
</error>
    <system-out><![CDATA[Creating a new SqlSession
SqlSession [org.apache.ibatis.session.defaults.DefaultSqlSession@a0bf272] was not registered for synchronization because synchronization is not active
JDBC Connection [HikariProxyConnection@1250553668 wrapping com.mysql.cj.jdbc.ConnectionImpl@5d7911d5] will not be managed by Spring
==>  Preparing: UPDATE t_student SET deleted=1 WHERE sid=? AND deleted=0 
==> Parameters: 1622431204575850497(String)
Closing non transactional SqlSession [org.apache.ibatis.session.defaults.DefaultSqlSession@a0bf272]
]]></system-out>
  </testcase>
  <testcase name="updateS" classname="com.xmh.service.IStudentServiceTest" time="0.044">
    <error message="&#10;### Error updating database.  Cause: java.sql.SQLSyntaxErrorException: Table &apos;afs_data.t_student&apos; doesn&apos;t exist&#10;### The error may exist in com/xmh/mapper/StudentMapper.java (best guess)&#10;### The error may involve com.xmh.mapper.StudentMapper.updateById-Inline&#10;### The error occurred while setting parameters&#10;### SQL: UPDATE t_student  SET sname=?,    great_time=?, update_time=?  WHERE sid=?  AND deleted=0&#10;### Cause: java.sql.SQLSyntaxErrorException: Table &apos;afs_data.t_student&apos; doesn&apos;t exist&#10;; bad SQL grammar []; nested exception is java.sql.SQLSyntaxErrorException: Table &apos;afs_data.t_student&apos; doesn&apos;t exist" type="org.springframework.jdbc.BadSqlGrammarException">org.springframework.jdbc.BadSqlGrammarException: 

### Error updating database.  Cause: java.sql.SQLSyntaxErrorException: Table 'afs_data.t_student' doesn't exist
### The error may exist in com/xmh/mapper/StudentMapper.java (best guess)
### The error may involve com.xmh.mapper.StudentMapper.updateById-Inline
### The error occurred while setting parameters
### SQL: UPDATE t_student  SET sname=?,    great_time=?, update_time=?  WHERE sid=?  AND deleted=0
### Cause: java.sql.SQLSyntaxErrorException: Table 'afs_data.t_student' doesn't exist
; bad SQL grammar []; nested exception is java.sql.SQLSyntaxErrorException: Table 'afs_data.t_student' doesn't exist
	at com.xmh.service.IStudentServiceTest.updateS(IStudentServiceTest.java:55)
Caused by: java.sql.SQLSyntaxErrorException: Table 'afs_data.t_student' doesn't exist
	at com.xmh.service.IStudentServiceTest.updateS(IStudentServiceTest.java:55)
</error>
    <system-out><![CDATA[Creating a new SqlSession
SqlSession [org.apache.ibatis.session.defaults.DefaultSqlSession@310a7859] was not registered for synchronization because synchronization is not active
修改方法....自动填充更新和插入时间
JDBC Connection [HikariProxyConnection@621209929 wrapping com.mysql.cj.jdbc.ConnectionImpl@5d7911d5] will not be managed by Spring
==>  Preparing: UPDATE t_student SET sname=?, great_time=?, update_time=? WHERE sid=? AND deleted=0 
==> Parameters: 老王(String), null, 2025-03-30 22:19:09.836(Timestamp), 7(String)
Closing non transactional SqlSession [org.apache.ibatis.session.defaults.DefaultSqlSession@310a7859]
]]></system-out>
  </testcase>
  <testcase name="ConditionalQuery2" classname="com.xmh.service.IStudentServiceTest" time="0.003"/>
  <testcase name="FindAll" classname="com.xmh.service.IStudentServiceTest" time="0.036">
    <error message="&#10;### Error querying database.  Cause: java.sql.SQLSyntaxErrorException: Table &apos;afs_data.t_student&apos; doesn&apos;t exist&#10;### The error may exist in com/xmh/mapper/StudentMapper.java (best guess)&#10;### The error may involve defaultParameterMap&#10;### The error occurred while setting parameters&#10;### SQL: SELECT  sid,sname,sex,age,cid,great_time,update_time,deleted  FROM t_student   WHERE  deleted=0&#10;### Cause: java.sql.SQLSyntaxErrorException: Table &apos;afs_data.t_student&apos; doesn&apos;t exist&#10;; bad SQL grammar []; nested exception is java.sql.SQLSyntaxErrorException: Table &apos;afs_data.t_student&apos; doesn&apos;t exist" type="org.springframework.jdbc.BadSqlGrammarException">org.springframework.jdbc.BadSqlGrammarException: 

### Error querying database.  Cause: java.sql.SQLSyntaxErrorException: Table 'afs_data.t_student' doesn't exist
### The error may exist in com/xmh/mapper/StudentMapper.java (best guess)
### The error may involve defaultParameterMap
### The error occurred while setting parameters
### SQL: SELECT  sid,sname,sex,age,cid,great_time,update_time,deleted  FROM t_student   WHERE  deleted=0
### Cause: java.sql.SQLSyntaxErrorException: Table 'afs_data.t_student' doesn't exist
; bad SQL grammar []; nested exception is java.sql.SQLSyntaxErrorException: Table 'afs_data.t_student' doesn't exist
	at com.xmh.service.IStudentServiceTest.FindAll(IStudentServiceTest.java:68)
Caused by: java.sql.SQLSyntaxErrorException: Table 'afs_data.t_student' doesn't exist
	at com.xmh.service.IStudentServiceTest.FindAll(IStudentServiceTest.java:68)
</error>
    <system-out><![CDATA[Creating a new SqlSession
SqlSession [org.apache.ibatis.session.defaults.DefaultSqlSession@57f8951a] was not registered for synchronization because synchronization is not active
JDBC Connection [HikariProxyConnection@1096433514 wrapping com.mysql.cj.jdbc.ConnectionImpl@5d7911d5] will not be managed by Spring
==>  Preparing: SELECT sid,sname,sex,age,cid,great_time,update_time,deleted FROM t_student WHERE deleted=0 
==> Parameters: 
Closing non transactional SqlSession [org.apache.ibatis.session.defaults.DefaultSqlSession@57f8951a]
]]></system-out>
  </testcase>
</testsuite>